RimWorld 1.6.4528 rev1223
UnityEngine.StackTraceUtility:ExtractStackTrace ()
Verse.Log:Message (string)
RimWorld.VersionControl:LogVersionNumber ()
Verse.Root:CheckGlobalInit ()
Verse.Root:Start ()
Verse.Root_Entry:Start ()

[1trickPwnyta's Anomaly Patch] Loaded.
UnityEngine.StackTraceUtility:ExtractStackTrace ()
Verse.Log:Message (string)
AnomalyPatch.AnomalyPatchMod:.ctor (Verse.ModContentPack)
System.Reflection.RuntimeConstructorInfo:InternalInvoke (object,object[],bool)
System.Reflection.RuntimeConstructorInfo:DoInvoke (object,System.Reflection.BindingFlags,System.Reflection.Binder,object[],System.Globalization.CultureInfo)
System.Reflection.RuntimeConstructorInfo:Invoke (System.Reflection.BindingFlags,System.Reflection.Binder,object[],System.Globalization.CultureInfo)
System.RuntimeType:CreateInstanceImpl (System.Reflection.BindingFlags,System.Reflection.Binder,object[],System.Globalization.CultureInfo,object[],System.Threading.StackCrawlMark&)
System.Activator:CreateInstance (System.Type,System.Reflection.BindingFlags,System.Reflection.Binder,object[],System.Globalization.CultureInfo,object[])
System.Activator:CreateInstance (System.Type,object[])
Verse.LoadedModManager:CreateModClasses ()
Verse.LoadedModManager:LoadAllActiveMods (bool)
Verse.PlayDataLoader:DoPlayLoad ()
Verse.PlayDataLoader:LoadAllPlayData (bool)
Verse.Root/<>c:<Start>b__10_1 ()
Verse.LongEventHandler:RunEventFromAnotherThread (System.Action)
Verse.LongEventHandler/<>c:<UpdateCurrentAsynchronousEvent>b__28_0 ()
System.Threading.ThreadHelper:ThreadStart_Context (object)
System.Threading.ExecutionContext:RunInternal (System.Threading.ExecutionContext,System.Threading.ContextCallback,object,bool)
System.Threading.ExecutionContext:Run (System.Threading.ExecutionContext,System.Threading.ContextCallback,object,bool)
System.Threading.ExecutionContext:Run (System.Threading.ExecutionContext,System.Threading.ContextCallback,object)
System.Threading.ThreadHelper:ThreadStart ()

[1trickPwnyta's Biotech Patch] Loaded.
UnityEngine.StackTraceUtility:ExtractStackTrace ()
Verse.Log:Message (string)
BiotechPatch.BiotechPatchMod:.ctor (Verse.ModContentPack)
System.Reflection.RuntimeConstructorInfo:InternalInvoke (object,object[],bool)
System.Reflection.RuntimeConstructorInfo:DoInvoke (object,System.Reflection.BindingFlags,System.Reflection.Binder,object[],System.Globalization.CultureInfo)
System.Reflection.RuntimeConstructorInfo:Invoke (System.Reflection.BindingFlags,System.Reflection.Binder,object[],System.Globalization.CultureInfo)
System.RuntimeType:CreateInstanceImpl (System.Reflection.BindingFlags,System.Reflection.Binder,object[],System.Globalization.CultureInfo,object[],System.Threading.StackCrawlMark&)
System.Activator:CreateInstance (System.Type,System.Reflection.BindingFlags,System.Reflection.Binder,object[],System.Globalization.CultureInfo,object[])
System.Activator:CreateInstance (System.Type,object[])
Verse.LoadedModManager:CreateModClasses ()
Verse.LoadedModManager:LoadAllActiveMods (bool)
Verse.PlayDataLoader:DoPlayLoad ()
Verse.PlayDataLoader:LoadAllPlayData (bool)
Verse.Root/<>c:<Start>b__10_1 ()
Verse.LongEventHandler:RunEventFromAnotherThread (System.Action)
Verse.LongEventHandler/<>c:<UpdateCurrentAsynchronousEvent>b__28_0 ()
System.Threading.ThreadHelper:ThreadStart_Context (object)
System.Threading.ExecutionContext:RunInternal (System.Threading.ExecutionContext,System.Threading.ContextCallback,object,bool)
System.Threading.ExecutionContext:Run (System.Threading.ExecutionContext,System.Threading.ContextCallback,object,bool)
System.Threading.ExecutionContext:Run (System.Threading.ExecutionContext,System.Threading.ContextCallback,object)
System.Threading.ThreadHelper:ThreadStart ()

[1trickPwnyta's Ideology Patch] Loaded.
UnityEngine.StackTraceUtility:ExtractStackTrace ()
Verse.Log:Message (string)
IdeologyPatch.IdeologyPatchMod:.ctor (Verse.ModContentPack)
System.Reflection.RuntimeConstructorInfo:InternalInvoke (object,object[],bool)
System.Reflection.RuntimeConstructorInfo:DoInvoke (object,System.Reflection.BindingFlags,System.Reflection.Binder,object[],System.Globalization.CultureInfo)
System.Reflection.RuntimeConstructorInfo:Invoke (System.Reflection.BindingFlags,System.Reflection.Binder,object[],System.Globalization.CultureInfo)
System.RuntimeType:CreateInstanceImpl (System.Reflection.BindingFlags,System.Reflection.Binder,object[],System.Globalization.CultureInfo,object[],System.Threading.StackCrawlMark&)
System.Activator:CreateInstance (System.Type,System.Reflection.BindingFlags,System.Reflection.Binder,object[],System.Globalization.CultureInfo,object[])
System.Activator:CreateInstance (System.Type,object[])
Verse.LoadedModManager:CreateModClasses ()
Verse.LoadedModManager:LoadAllActiveMods (bool)
Verse.PlayDataLoader:DoPlayLoad ()
Verse.PlayDataLoader:LoadAllPlayData (bool)
Verse.Root/<>c:<Start>b__10_1 ()
Verse.LongEventHandler:RunEventFromAnotherThread (System.Action)
Verse.LongEventHandler/<>c:<UpdateCurrentAsynchronousEvent>b__28_0 ()
System.Threading.ThreadHelper:ThreadStart_Context (object)
System.Threading.ExecutionContext:RunInternal (System.Threading.ExecutionContext,System.Threading.ContextCallback,object,bool)
System.Threading.ExecutionContext:Run (System.Threading.ExecutionContext,System.Threading.ContextCallback,object,bool)
System.Threading.ExecutionContext:Run (System.Threading.ExecutionContext,System.Threading.ContextCallback,object)
System.Threading.ThreadHelper:ThreadStart ()

[Animal Filth? Don't Care] Loaded.
UnityEngine.StackTraceUtility:ExtractStackTrace ()
Verse.Log:Message (string)
AnimalFilthDontCare.AnimalFilthDontCareMod:.ctor (Verse.ModContentPack)
System.Reflection.RuntimeConstructorInfo:InternalInvoke (object,object[],bool)
System.Reflection.RuntimeConstructorInfo:DoInvoke (object,System.Reflection.BindingFlags,System.Reflection.Binder,object[],System.Globalization.CultureInfo)
System.Reflection.RuntimeConstructorInfo:Invoke (System.Reflection.BindingFlags,System.Reflection.Binder,object[],System.Globalization.CultureInfo)
System.RuntimeType:CreateInstanceImpl (System.Reflection.BindingFlags,System.Reflection.Binder,object[],System.Globalization.CultureInfo,object[],System.Threading.StackCrawlMark&)
System.Activator:CreateInstance (System.Type,System.Reflection.BindingFlags,System.Reflection.Binder,object[],System.Globalization.CultureInfo,object[])
System.Activator:CreateInstance (System.Type,object[])
Verse.LoadedModManager:CreateModClasses ()
Verse.LoadedModManager:LoadAllActiveMods (bool)
Verse.PlayDataLoader:DoPlayLoad ()
Verse.PlayDataLoader:LoadAllPlayData (bool)
Verse.Root/<>c:<Start>b__10_1 ()
Verse.LongEventHandler:RunEventFromAnotherThread (System.Action)
Verse.LongEventHandler/<>c:<UpdateCurrentAsynchronousEvent>b__28_0 ()
System.Threading.ThreadHelper:ThreadStart_Context (object)
System.Threading.ExecutionContext:RunInternal (System.Threading.ExecutionContext,System.Threading.ContextCallback,object,bool)
System.Threading.ExecutionContext:Run (System.Threading.ExecutionContext,System.Threading.ContextCallback,object,bool)
System.Threading.ExecutionContext:Run (System.Threading.ExecutionContext,System.Threading.ContextCallback,object)
System.Threading.ThreadHelper:ThreadStart ()

<color=#4494E3FF>:: Asimov ::</color> 1.6.9334 ::
UnityEngine.StackTraceUtility:ExtractStackTrace ()
Asimov.LogUtil:LogMessage (string)
Asimov.AsimovMod:.ctor (Verse.ModContentPack)
System.Reflection.RuntimeConstructorInfo:InternalInvoke (object,object[],bool)
System.Reflection.RuntimeConstructorInfo:DoInvoke (object,System.Reflection.BindingFlags,System.Reflection.Binder,object[],System.Globalization.CultureInfo)
System.Reflection.RuntimeConstructorInfo:Invoke (System.Reflection.BindingFlags,System.Reflection.Binder,object[],System.Globalization.CultureInfo)
System.RuntimeType:CreateInstanceImpl (System.Reflection.BindingFlags,System.Reflection.Binder,object[],System.Globalization.CultureInfo,object[],System.Threading.StackCrawlMark&)
System.Activator:CreateInstance (System.Type,System.Reflection.BindingFlags,System.Reflection.Binder,object[],System.Globalization.CultureInfo,object[])
System.Activator:CreateInstance (System.Type,object[])
Verse.LoadedModManager:CreateModClasses ()
Verse.LoadedModManager:LoadAllActiveMods (bool)
Verse.PlayDataLoader:DoPlayLoad ()
Verse.PlayDataLoader:LoadAllPlayData (bool)
Verse.Root/<>c:<Start>b__10_1 ()
Verse.LongEventHandler:RunEventFromAnotherThread (System.Action)
Verse.LongEventHandler/<>c:<UpdateCurrentAsynchronousEvent>b__28_0 ()
System.Threading.ThreadHelper:ThreadStart_Context (object)
System.Threading.ExecutionContext:RunInternal (System.Threading.ExecutionContext,System.Threading.ContextCallback,object,bool)
System.Threading.ExecutionContext:Run (System.Threading.ExecutionContext,System.Threading.ContextCallback,object,bool)
System.Threading.ExecutionContext:Run (System.Threading.ExecutionContext,System.Threading.ContextCallback,object)
System.Threading.ThreadHelper:ThreadStart ()

[Altered Carbon 2: ReSleeved] version 6.0.2-Sov-rev8
UnityEngine.StackTraceUtility:ExtractStackTrace ()
Verse.Log:Message (string)
LogModVersion.LoadedModManager_LoadModXML_Patch:Prefix ()
(wrapper dynamic-method) MonoMod.Utils.DynamicMethodDefinition:Verse.LoadedModManager.LoadModXML_Patch1 (bool)
Verse.LoadedModManager:LoadAllActiveMods (bool)
Verse.PlayDataLoader:DoPlayLoad ()
Verse.PlayDataLoader:LoadAllPlayData (bool)
Verse.Root/<>c:<Start>b__10_1 ()
Verse.LongEventHandler:RunEventFromAnotherThread (System.Action)
Verse.LongEventHandler/<>c:<UpdateCurrentAsynchronousEvent>b__28_0 ()
System.Threading.ThreadHelper:ThreadStart_Context (object)
System.Threading.ExecutionContext:RunInternal (System.Threading.ExecutionContext,System.Threading.ContextCallback,object,bool)
System.Threading.ExecutionContext:Run (System.Threading.ExecutionContext,System.Threading.ContextCallback,object,bool)
System.Threading.ExecutionContext:Run (System.Threading.ExecutionContext,System.Threading.ContextCallback,object)
System.Threading.ThreadHelper:ThreadStart ()

[Vanilla Expanded Framework - Start of stack trace]
Verse.PatchOperationReplace(xpath="Defs/PreceptDef[defName="IdeoBuilding"]/buildingRoomRequirements/li[@Class="RoomRequirement_ThingCount"][thingDef="Column"]"): Failed to find a node with the given xpath
Verse.PatchOperationSequence: Error in the operation at position=1
Verse.PatchOperationFindMod(Ideology): Error in <match>
[End of stack trace]
Source file: C:\Program Files (x86)\Steam\steamapps\workshop\content\294100\2023507013\1.6\Patches\Ideology\Ideology_PrePatches.xml

UnityEngine.StackTraceUtility:ExtractStackTrace ()
(wrapper dynamic-method) MonoMod.Utils.DynamicMethodDefinition:Verse.Log.Error_Patch1 (string)
XmlExtensions.ErrorManager:PrintErrors (string,Verse.ModContentPack)
XmlExtensions.PatchOperation_Patch:Postfix (Verse.PatchOperation,bool&,System.Xml.XmlDocument)
(wrapper dynamic-method) MonoMod.Utils.DynamicMethodDefinition:Verse.PatchOperation.Apply_Patch2 (Verse.PatchOperation,System.Xml.XmlDocument)
(wrapper dynamic-method) MonoMod.Utils.DynamicMethodDefinition:Verse.LoadedModManager.ApplyPatches_Patch3 (System.Xml.XmlDocument,System.Collections.Generic.Dictionary`2<System.Xml.XmlNode, Verse.LoadableXmlAsset>)
Verse.LoadedModManager:LoadAllActiveMods (bool)
Verse.PlayDataLoader:DoPlayLoad ()
Verse.PlayDataLoader:LoadAllPlayData (bool)
Verse.Root/<>c:<Start>b__10_1 ()
Verse.LongEventHandler:RunEventFromAnotherThread (System.Action)
Verse.LongEventHandler/<>c:<UpdateCurrentAsynchronousEvent>b__28_0 ()
System.Threading.ThreadHelper:ThreadStart_Context (object)
System.Threading.ExecutionContext:RunInternal (System.Threading.ExecutionContext,System.Threading.ContextCallback,object,bool)
System.Threading.ExecutionContext:Run (System.Threading.ExecutionContext,System.Threading.ContextCallback,object,bool)
System.Threading.ExecutionContext:Run (System.Threading.ExecutionContext,System.Threading.ContextCallback,object)
System.Threading.ThreadHelper:ThreadStart ()

[Vanilla Expanded Framework - Start of stack trace]
Verse.PatchOperationReplace(xpath="Defs/RoyalTitleDef[defName="Knight" or defName="Praetor" or defName="Baron" or defName="Count" or @Name="BaseEmpireTitleNPC"]/bedroomRequirements//li[@Class="RoomRequirement_Thing"][thingDef="EndTable"]"): Failed to find a node with the given xpath
Verse.PatchOperationSequence: Error in the operation at position=1
Verse.PatchOperationFindMod(Royalty): Error in <match>
[End of stack trace]
Source file: C:\Program Files (x86)\Steam\steamapps\workshop\content\294100\2023507013\1.6\Patches\Royalty\Royalty_PrePatches.xml

UnityEngine.StackTraceUtility:ExtractStackTrace ()
(wrapper dynamic-method) MonoMod.Utils.DynamicMethodDefinition:Verse.Log.Error_Patch1 (string)
XmlExtensions.ErrorManager:PrintErrors (string,Verse.ModContentPack)
XmlExtensions.PatchOperation_Patch:Postfix (Verse.PatchOperation,bool&,System.Xml.XmlDocument)
(wrapper dynamic-method) MonoMod.Utils.DynamicMethodDefinition:Verse.PatchOperation.Apply_Patch2 (Verse.PatchOperation,System.Xml.XmlDocument)
(wrapper dynamic-method) MonoMod.Utils.DynamicMethodDefinition:Verse.LoadedModManager.ApplyPatches_Patch3 (System.Xml.XmlDocument,System.Collections.Generic.Dictionary`2<System.Xml.XmlNode, Verse.LoadableXmlAsset>)
Verse.LoadedModManager:LoadAllActiveMods (bool)
Verse.PlayDataLoader:DoPlayLoad ()
Verse.PlayDataLoader:LoadAllPlayData (bool)
Verse.Root/<>c:<Start>b__10_1 ()
Verse.LongEventHandler:RunEventFromAnotherThread (System.Action)
Verse.LongEventHandler/<>c:<UpdateCurrentAsynchronousEvent>b__28_0 ()
System.Threading.ThreadHelper:ThreadStart_Context (object)
System.Threading.ExecutionContext:RunInternal (System.Threading.ExecutionContext,System.Threading.ContextCallback,object,bool)
System.Threading.ExecutionContext:Run (System.Threading.ExecutionContext,System.Threading.ContextCallback,object,bool)
System.Threading.ExecutionContext:Run (System.Threading.ExecutionContext,System.Threading.ContextCallback,object)
System.Threading.ThreadHelper:ThreadStart ()

[Vanilla Expanded Framework] Patch operation Verse.PatchOperationFindMod(Ideology) failed
file: C:\Program Files (x86)\Steam\steamapps\workshop\content\294100\2023507013\1.6\Patches\Ideology\Ideology_PrePatches.xml
UnityEngine.StackTraceUtility:ExtractStackTrace ()
(wrapper dynamic-method) MonoMod.Utils.DynamicMethodDefinition:Verse.Log.Error_Patch1 (string)
Verse.PatchOperation:Complete (string)
Verse.LoadedModManager:ClearCachedPatches ()
Verse.LoadedModManager:LoadAllActiveMods (bool)
Verse.PlayDataLoader:DoPlayLoad ()
Verse.PlayDataLoader:LoadAllPlayData (bool)
Verse.Root/<>c:<Start>b__10_1 ()
Verse.LongEventHandler:RunEventFromAnotherThread (System.Action)
Verse.LongEventHandler/<>c:<UpdateCurrentAsynchronousEvent>b__28_0 ()
System.Threading.ThreadHelper:ThreadStart_Context (object)
System.Threading.ExecutionContext:RunInternal (System.Threading.ExecutionContext,System.Threading.ContextCallback,object,bool)
System.Threading.ExecutionContext:Run (System.Threading.ExecutionContext,System.Threading.ContextCallback,object,bool)
System.Threading.ExecutionContext:Run (System.Threading.ExecutionContext,System.Threading.ContextCallback,object)
System.Threading.ThreadHelper:ThreadStart ()

[Vanilla Expanded Framework] Patch operation Verse.PatchOperationFindMod(Royalty) failed
file: C:\Program Files (x86)\Steam\steamapps\workshop\content\294100\2023507013\1.6\Patches\Royalty\Royalty_PrePatches.xml
UnityEngine.StackTraceUtility:ExtractStackTrace ()
(wrapper dynamic-method) MonoMod.Utils.DynamicMethodDefinition:Verse.Log.Error_Patch1 (string)
Verse.PatchOperation:Complete (string)
Verse.LoadedModManager:ClearCachedPatches ()
Verse.LoadedModManager:LoadAllActiveMods (bool)
Verse.PlayDataLoader:DoPlayLoad ()
Verse.PlayDataLoader:LoadAllPlayData (bool)
Verse.Root/<>c:<Start>b__10_1 ()
Verse.LongEventHandler:RunEventFromAnotherThread (System.Action)
Verse.LongEventHandler/<>c:<UpdateCurrentAsynchronousEvent>b__28_0 ()
System.Threading.ThreadHelper:ThreadStart_Context (object)
System.Threading.ExecutionContext:RunInternal (System.Threading.ExecutionContext,System.Threading.ContextCallback,object,bool)
System.Threading.ExecutionContext:Run (System.Threading.ExecutionContext,System.Threading.ContextCallback,object,bool)
System.Threading.ExecutionContext:Run (System.Threading.ExecutionContext,System.Threading.ContextCallback,object)
System.Threading.ThreadHelper:ThreadStart ()

Could not resolve cross-reference: No Verse.SoundDef named MeleeHit_Cloth found to give to Verse.ThingDef AncientArmchair (using undefined sound instead)
UnityEngine.StackTraceUtility:ExtractStackTrace ()
Verse.Log:Warning (string)
Verse.DirectXmlCrossRefLoader/WantedRefForObject:TryResolve (Verse.FailMode)
Verse.DirectXmlCrossRefLoader/<>c__DisplayClass16_0:<ResolveAllWantedCrossReferences>b__0 (Verse.DirectXmlCrossRefLoader/WantedRef)
Verse.GenThreading/<>c__DisplayClass7_1`1<Verse.DirectXmlCrossRefLoader/WantedRef>:<ParallelForEach>b__0 (object)
System.Threading.QueueUserWorkItemCallback:WaitCallback_Context (object)
System.Threading.ExecutionContext:RunInternal (System.Threading.ExecutionContext,System.Threading.ContextCallback,object,bool)
System.Threading.ExecutionContext:Run (System.Threading.ExecutionContext,System.Threading.ContextCallback,object,bool)
System.Threading.QueueUserWorkItemCallback:System.Threading.IThreadPoolWorkItem.ExecuteWorkItem ()
System.Threading.ThreadPoolWorkQueue:Dispatch ()
System.Threading._ThreadPoolWaitCallback:PerformWaitCallback ()

[AV]Mechcrate: Creating tradeable options...
 - Mech_Termite_Breach
 - Mech_CentipedeBlaster
 - Mech_CentipedeGunner
 - Mech_CentipedeBurner
 - Mech_Lancer
 - Mech_Scyther
 - Mech_Pikeman
 - Mech_Tunneler
 - Mech_Militor
 - Mech_Lifter
 - Mech_Constructoid
 - Mech_Fabricor
 - Mech_Agrihand
 - Mech_Cleansweeper
 - Mech_Paramedic
 - Mech_Legionary
 - Mech_Tesseron
 - Mech_Scorcher
 - Mech_Apocriton
 - Mech_Centurion
 - Mech_Warqueen
 - Mech_Diabolus
 - Mech_Cyclops
UnityEngine.StackTraceUtility:ExtractStackTrace ()
Verse.Log:Message (string)
AV_Mechcrate.ThingDefGenerator_Mechcrate/<ImpliedThingDefs>d__4:MoveNext ()
AV_Mechcrate.DefGenerator_GenerateImpliedDefs_PreResolve:Postfix ()
(wrapper dynamic-method) MonoMod.Utils.DynamicMethodDefinition:RimWorld.DefGenerator.GenerateImpliedDefs_PreResolve_Patch1 (bool)
Verse.PlayDataLoader:DoPlayLoad ()
Verse.PlayDataLoader:LoadAllPlayData (bool)
Verse.Root/<>c:<Start>b__10_1 ()
Verse.LongEventHandler:RunEventFromAnotherThread (System.Action)
Verse.LongEventHandler/<>c:<UpdateCurrentAsynchronousEvent>b__28_0 ()
System.Threading.ThreadHelper:ThreadStart_Context (object)
System.Threading.ExecutionContext:RunInternal (System.Threading.ExecutionContext,System.Threading.ContextCallback,object,bool)
System.Threading.ExecutionContext:Run (System.Threading.ExecutionContext,System.Threading.ContextCallback,object,bool)
System.Threading.ExecutionContext:Run (System.Threading.ExecutionContext,System.Threading.ContextCallback,object)
System.Threading.ThreadHelper:ThreadStart ()

Translation data for language English has 4 errors. Generate translation report for more info.
UnityEngine.StackTraceUtility:ExtractStackTrace ()
Verse.Log:Warning (string)
Verse.LoadedLanguage:InjectIntoData_AfterImpliedDefs ()
Verse.PlayDataLoader/<>c:<DoPlayLoad>b__4_3 ()
Verse.LongEventHandler:ExecuteToExecuteWhenFinished ()
Verse.LongEventHandler:UpdateCurrentAsynchronousEvent ()
Verse.LongEventHandler:LongEventsUpdate (bool&)
Verse.Root:Update ()
Verse.Root_Entry:Update ()

NepSmallerTurbines Loaded
UnityEngine.StackTraceUtility:ExtractStackTrace ()
Verse.Log:Message (string)
NepSmallerTurbines.NepSmallerTurbines:.cctor ()
System.Runtime.CompilerServices.RuntimeHelpers:RunClassConstructor (System.RuntimeTypeHandle)
Verse.StaticConstructorOnStartupUtility:CallAll ()
Verse.PlayDataLoader/<>c:<DoPlayLoad>b__4_4 ()
Verse.LongEventHandler:ExecuteToExecuteWhenFinished ()
Verse.LongEventHandler:UpdateCurrentAsynchronousEvent ()
Verse.LongEventHandler:LongEventsUpdate (bool&)
Verse.Root:Update ()
Verse.Root_Entry:Update ()

NepSmallerTurbines Setting Value of Tweakable RimWorld.CompPowerPlantWind BladeWidth to 4
UnityEngine.StackTraceUtility:ExtractStackTrace ()
Verse.Log:Message (string)
NepSmallerTurbines.NepSmallerTurbines:.cctor ()
System.Runtime.CompilerServices.RuntimeHelpers:RunClassConstructor (System.RuntimeTypeHandle)
Verse.StaticConstructorOnStartupUtility:CallAll ()
Verse.PlayDataLoader/<>c:<DoPlayLoad>b__4_4 ()
Verse.LongEventHandler:ExecuteToExecuteWhenFinished ()
Verse.LongEventHandler:UpdateCurrentAsynchronousEvent ()
Verse.LongEventHandler:LongEventsUpdate (bool&)
Verse.Root:Update ()
Verse.Root_Entry:Update ()

[XML Extensions] Initialized 6 SettingsMenuDef(s) and found 4 unused key(s) from 1 mod(s)
UnityEngine.StackTraceUtility:ExtractStackTrace ()
Verse.Log:Message (string)
XmlExtensions.XmlExtensions:.cctor ()
System.Runtime.CompilerServices.RuntimeHelpers:RunClassConstructor (System.RuntimeTypeHandle)
Verse.StaticConstructorOnStartupUtility:CallAll ()
Verse.PlayDataLoader/<>c:<DoPlayLoad>b__4_4 ()
Verse.LongEventHandler:ExecuteToExecuteWhenFinished ()
Verse.LongEventHandler:UpdateCurrentAsynchronousEvent ()
Verse.LongEventHandler:LongEventsUpdate (bool&)
Verse.Root:Update ()
Verse.Root_Entry:Update ()

[XML Extensions] 1509 total patch operations run in 4467ms, 2 failed
UnityEngine.StackTraceUtility:ExtractStackTrace ()
Verse.Log:Message (string)
XmlExtensions.XmlExtensions:.cctor ()
System.Runtime.CompilerServices.RuntimeHelpers:RunClassConstructor (System.RuntimeTypeHandle)
Verse.StaticConstructorOnStartupUtility:CallAll ()
Verse.PlayDataLoader/<>c:<DoPlayLoad>b__4_4 ()
Verse.LongEventHandler:ExecuteToExecuteWhenFinished ()
Verse.LongEventHandler:UpdateCurrentAsynchronousEvent ()
Verse.LongEventHandler:LongEventsUpdate (bool&)
Verse.Root:Update ()
Verse.Root_Entry:Update ()

[XML Extensions] Emitted 6 mod class(es)
UnityEngine.StackTraceUtility:ExtractStackTrace ()
Verse.Log:Message (string)
XmlExtensions.XmlExtensions:.cctor ()
System.Runtime.CompilerServices.RuntimeHelpers:RunClassConstructor (System.RuntimeTypeHandle)
Verse.StaticConstructorOnStartupUtility:CallAll ()
Verse.PlayDataLoader/<>c:<DoPlayLoad>b__4_4 ()
Verse.LongEventHandler:ExecuteToExecuteWhenFinished ()
Verse.LongEventHandler:UpdateCurrentAsynchronousEvent ()
Verse.LongEventHandler:LongEventsUpdate (bool&)
Verse.Root:Update ()
Verse.Root_Entry:Update ()

KCSG has Created 7385 symbolDefs for vanilla and DLCs
UnityEngine.StackTraceUtility:ExtractStackTrace ()
Verse.Log:Message (string)
KCSG.StartupActions:CreateSymbols ()
KCSG.StartupActions:.cctor ()
System.Runtime.CompilerServices.RuntimeHelpers:RunClassConstructor (System.RuntimeTypeHandle)
Verse.StaticConstructorOnStartupUtility:CallAll ()
Verse.PlayDataLoader/<>c:<DoPlayLoad>b__4_4 ()
Verse.LongEventHandler:ExecuteToExecuteWhenFinished ()
Verse.LongEventHandler:UpdateCurrentAsynchronousEvent ()
Verse.LongEventHandler:LongEventsUpdate (bool&)
Verse.Root:Update ()
Verse.Root_Entry:Update ()

[Altered Carbon] Activated mod compat for 
UnityEngine.StackTraceUtility:ExtractStackTrace ()
Verse.Log:Message (string)
AlteredCarbon.NeuralData:.cctor ()
System.Runtime.CompilerServices.RuntimeHelpers:RunClassConstructor (System.RuntimeTypeHandle)
Verse.StaticConstructorOnStartupUtility:CallAll ()
Verse.PlayDataLoader/<>c:<DoPlayLoad>b__4_4 ()
Verse.LongEventHandler:ExecuteToExecuteWhenFinished ()
Verse.LongEventHandler:UpdateCurrentAsynchronousEvent ()
Verse.LongEventHandler:LongEventsUpdate (bool&)
Verse.Root:Update ()
Verse.Root_Entry:Update ()

MVCF successfully applied 39 patches
UnityEngine.StackTraceUtility:ExtractStackTrace ()
Verse.Log:Message (string)
MVCF.Patch:PrintSummary ()
MVCF.MVCF/<>c:<CollectFeatureData>b__15_0 ()
Verse.LongEventHandler:ExecuteToExecuteWhenFinished ()
Verse.LongEventHandler:UpdateCurrentAsynchronousEvent ()
Verse.LongEventHandler:LongEventsUpdate (bool&)
Verse.Root:Update ()
Verse.Root_Entry:Update ()
